<?xml version="1.0" encoding="UTF-8"?>
<!-- Generated by org.testng.reporters.JUnitReportReporter -->
<testsuite hostname="AMAR-PC" name="com.qa.at.keyword.tests.TestNGBasics" tests="2" failures="0" timestamp="28 Aug 2020 06:28:38 GMT" time="0.014" errors="0">
  <testcase name="Testclastwo" time="0.007" classname="com.qa.at.keyword.tests.TestNGBasics"/>
  <testcase name="Testclas" time="0.007" classname="com.qa.at.keyword.tests.TestNGBasics"/>
</testsuite> <!-- com.qa.at.keyword.tests.TestNGBasics -->
